[2014-12-17 11:47:18] production.ERROR: exception 'ReflectionException' with message 'Class AuthController does not exist' in /var/www/html/itnews/bootstrap/compiled.php:242
Stack trace:
#0 /var/www/html/itnews/bootstrap/compiled.php(242): ReflectionClass->__construct('AuthController')
#1 /var/www/html/itnews/bootstrap/compiled.php(212): Illuminate\Container\Container->build('AuthController', Array)
#2 /var/www/html/itnews/bootstrap/compiled.php(586): Illuminate\Container\Container->make('AuthController', Array)
#3 /var/www/html/itnews/bootstrap/compiled.php(5432): Illuminate\Foundation\Application->make('AuthController')
#4 /var/www/html/itnews/bootstrap/compiled.php(5421): Illuminate\Routing\ControllerDispatcher->makeController('AuthController')
#5 /var/www/html/itnews/bootstrap/compiled.php(4657): Illuminate\Routing\ControllerDispatcher->dispatch(Object(Illuminate\Routing\Route), Object(Illuminate\Http\Request), 'AuthController', 'index')
#6 [internal function]: Illuminate\Routing\Router->Illuminate\Routing\{closure}()
#7 /var/www/html/itnews/bootstrap/compiled.php(4984): call_user_func_array(Object(Closure), Array)
#8 /var/www/html/itnews/bootstrap/compiled.php(4682): Illuminate\Routing\Route->run(Object(Illuminate\Http\Request))
#9 /var/www/html/itnews/bootstrap/compiled.php(4670): Illuminate\Routing\Router->dispatchToRoute(Object(Illuminate\Http\Request))
#10 /var/www/html/itnews/bootstrap/compiled.php(706): Illuminate\Routing\Router->dispatch(Object(Illuminate\Http\Request))
#11 /var/www/html/itnews/bootstrap/compiled.php(687): Illuminate\Foundation\Application->dispatch(Object(Illuminate\Http\Request))
#12 /var/www/html/itnews/bootstrap/compiled.php(1146): Illuminate\Foundation\Application->handle(Object(Illuminate\Http\Request), 1, true)
#13 /var/www/html/itnews/bootstrap/compiled.php(7311): Illuminate\Http\FrameGuard->handle(Object(Illuminate\Http\Request), 1, true)
#14 /var/www/html/itnews/bootstrap/compiled.php(7908): Illuminate\Session\Middleware->handle(Object(Illuminate\Http\Request), 1, true)
#15 /var/www/html/itnews/bootstrap/compiled.php(7855): Illuminate\Cookie\Queue->handle(Object(Illuminate\Http\Request), 1, true)
#16 /var/www/html/itnews/bootstrap/compiled.php(10897): Illuminate\Cookie\Guard->handle(Object(Illuminate\Http\Request), 1, true)
#17 /var/www/html/itnews/bootstrap/compiled.php(648): Stack\StackedHttpKernel->handle(Object(Illuminate\Http\Request))
#18 /var/www/html/itnews/public/index.php(49): Illuminate\Foundation\Application->run()
#19 {main} [] []
[2014-12-17 11:49:35] production.ERROR: exception 'ErrorException' with message 'Undefined variable: title' in /var/www/html/itnews/app/storage/views/6e6791d480470dc0a390c12dfaa6263d:5
Stack trace:
#0 /var/www/html/itnews/app/storage/views/6e6791d480470dc0a390c12dfaa6263d(5): Illuminate\Exception\Handler->handleError(8, 'Undefined varia...', '/var/www/html/i...', 5, Array)
#1 /var/www/html/itnews/bootstrap/compiled.php(9614): include('/var/www/html/i...')
#2 /var/www/html/itnews/vendor/laravel/framework/src/Illuminate/View/Engines/CompilerEngine.php(56): Illuminate\View\Engines\PhpEngine->evaluatePath('/var/www/html/i...', Array)
#3 /var/www/html/itnews/bootstrap/compiled.php(9492): Illuminate\View\Engines\CompilerEngine->get('/var/www/html/i...', Array)
#4 /var/www/html/itnews/bootstrap/compiled.php(9479): Illuminate\View\View->getContents()
#5 /var/www/html/itnews/bootstrap/compiled.php(9470): Illuminate\View\View->renderContents()
#6 /var/www/html/itnews/app/storage/views/12b74c3851fbfae2383e3ac70ce58288(44): Illuminate\View\View->render()
#7 /var/www/html/itnews/bootstrap/compiled.php(9614): include('/var/www/html/i...')
#8 /var/www/html/itnews/vendor/laravel/framework/src/Illuminate/View/Engines/CompilerEngine.php(56): Illuminate\View\Engines\PhpEngine->evaluatePath('/var/www/html/i...', Array)
#9 /var/www/html/itnews/bootstrap/compiled.php(9492): Illuminate\View\Engines\CompilerEngine->get('/var/www/html/i...', Array)
#10 /var/www/html/itnews/bootstrap/compiled.php(9479): Illuminate\View\View->getContents()
#11 /var/www/html/itnews/bootstrap/compiled.php(9470): Illuminate\View\View->renderContents()
#12 /var/www/html/itnews/app/storage/views/5571886fe5cd2bb95125c84bd3377e3e(13): Illuminate\View\View->render()
#13 /var/www/html/itnews/bootstrap/compiled.php(9614): include('/var/www/html/i...')
#14 /var/www/html/itnews/vendor/laravel/framework/src/Illuminate/View/Engines/CompilerEngine.php(56): Illuminate\View\Engines\PhpEngine->evaluatePath('/var/www/html/i...', Array)
#15 /var/www/html/itnews/bootstrap/compiled.php(9492): Illuminate\View\Engines\CompilerEngine->get('/var/www/html/i...', Array)
#16 /var/www/html/itnews/bootstrap/compiled.php(9479): Illuminate\View\View->getContents()
#17 /var/www/html/itnews/bootstrap/compiled.php(9470): Illuminate\View\View->renderContents()
#18 /var/www/html/itnews/bootstrap/compiled.php(10168): Illuminate\View\View->render()
#19 /var/www/html/itnews/bootstrap/compiled.php(9700): Illuminate\Http\Response->setContent(Object(Illuminate\View\View))
#20 /var/www/html/itnews/bootstrap/compiled.php(4858): Symfony\Component\HttpFoundation\Response->__construct(Object(Illuminate\View\View))
#21 /var/www/html/itnews/bootstrap/compiled.php(4684): Illuminate\Routing\Router->prepareResponse(Object(Illuminate\Http\Request), Object(Illuminate\View\View))
#22 /var/www/html/itnews/bootstrap/compiled.php(4670): Illuminate\Routing\Router->dispatchToRoute(Object(Illuminate\Http\Request))
#23 /var/www/html/itnews/bootstrap/compiled.php(706): Illuminate\Routing\Router->dispatch(Object(Illuminate\Http\Request))
#24 /var/www/html/itnews/bootstrap/compiled.php(687): Illuminate\Foundation\Application->dispatch(Object(Illuminate\Http\Request))
#25 /var/www/html/itnews/bootstrap/compiled.php(1146): Illuminate\Foundation\Application->handle(Object(Illuminate\Http\Request), 1, true)
#26 /var/www/html/itnews/bootstrap/compiled.php(7311): Illuminate\Http\FrameGuard->handle(Object(Illuminate\Http\Request), 1, true)
#27 /var/www/html/itnews/bootstrap/compiled.php(7908): Illuminate\Session\Middleware->handle(Object(Illuminate\Http\Request), 1, true)
#28 /var/www/html/itnews/bootstrap/compiled.php(7855): Illuminate\Cookie\Queue->handle(Object(Illuminate\Http\Request), 1, true)
#29 /var/www/html/itnews/bootstrap/compiled.php(10897): Illuminate\Cookie\Guard->handle(Object(Illuminate\Http\Request), 1, true)
#30 /var/www/html/itnews/bootstrap/compiled.php(648): Stack\StackedHttpKernel->handle(Object(Illuminate\Http\Request))
#31 /var/www/html/itnews/public/index.php(49): Illuminate\Foundation\Application->run()
#32 {main}

Next exception 'ErrorException' with message 'Undefined variable: title (View: /var/www/html/itnews/app/views/backend/layouts/base.blade.php)' in /var/www/html/itnews/app/storage/views/6e6791d480470dc0a390c12dfaa6263d:5
Stack trace:
#0 /var/www/html/itnews/bootstrap/compiled.php(9616): Illuminate\View\Engines\CompilerEngine->handleViewException(Object(ErrorException))
#1 /var/www/html/itnews/vendor/laravel/framework/src/Illuminate/View/Engines/CompilerEngine.php(56): Illuminate\View\Engines\PhpEngine->evaluatePath('/var/www/html/i...', Array)
#2 /var/www/html/itnews/bootstrap/compiled.php(9492): Illuminate\View\Engines\CompilerEngine->get('/var/www/html/i...', Array)
#3 /var/www/html/itnews/bootstrap/compiled.php(9479): Illuminate\View\View->getContents()
#4 /var/www/html/itnews/bootstrap/compiled.php(9470): Illuminate\View\View->renderContents()
#5 /var/www/html/itnews/app/storage/views/12b74c3851fbfae2383e3ac70ce58288(44): Illuminate\View\View->render()
#6 /var/www/html/itnews/bootstrap/compiled.php(9614): include('/var/www/html/i...')
#7 /var/www/html/itnews/vendor/laravel/framework/src/Illuminate/View/Engines/CompilerEngine.php(56): Illuminate\View\Engines\PhpEngine->evaluatePath('/var/www/html/i...', Array)
#8 /var/www/html/itnews/bootstrap/compiled.php(9492): Illuminate\View\Engines\CompilerEngine->get('/var/www/html/i...', Array)
#9 /var/www/html/itnews/bootstrap/compiled.php(9479): Illuminate\View\View->getContents()
#10 /var/www/html/itnews/bootstrap/compiled.php(9470): Illuminate\View\View->renderContents()
#11 /var/www/html/itnews/app/storage/views/5571886fe5cd2bb95125c84bd3377e3e(13): Illuminate\View\View->render()
#12 /var/www/html/itnews/bootstrap/compiled.php(9614): include('/var/www/html/i...')
#13 /var/www/html/itnews/vendor/laravel/framework/src/Illuminate/View/Engines/CompilerEngine.php(56): Illuminate\View\Engines\PhpEngine->evaluatePath('/var/www/html/i...', Array)
#14 /var/www/html/itnews/bootstrap/compiled.php(9492): Illuminate\View\Engines\CompilerEngine->get('/var/www/html/i...', Array)
#15 /var/www/html/itnews/bootstrap/compiled.php(9479): Illuminate\View\View->getContents()
#16 /var/www/html/itnews/bootstrap/compiled.php(9470): Illuminate\View\View->renderContents()
#17 /var/www/html/itnews/bootstrap/compiled.php(10168): Illuminate\View\View->render()
#18 /var/www/html/itnews/bootstrap/compiled.php(9700): Illuminate\Http\Response->setContent(Object(Illuminate\View\View))
#19 /var/www/html/itnews/bootstrap/compiled.php(4858): Symfony\Component\HttpFoundation\Response->__construct(Object(Illuminate\View\View))
#20 /var/www/html/itnews/bootstrap/compiled.php(4684): Illuminate\Routing\Router->prepareResponse(Object(Illuminate\Http\Request), Object(Illuminate\View\View))
#21 /var/www/html/itnews/bootstrap/compiled.php(4670): Illuminate\Routing\Router->dispatchToRoute(Object(Illuminate\Http\Request))
#22 /var/www/html/itnews/bootstrap/compiled.php(706): Illuminate\Routing\Router->dispatch(Object(Illuminate\Http\Request))
#23 /var/www/html/itnews/bootstrap/compiled.php(687): Illuminate\Foundation\Application->dispatch(Object(Illuminate\Http\Request))
#24 /var/www/html/itnews/bootstrap/compiled.php(1146): Illuminate\Foundation\Application->handle(Object(Illuminate\Http\Request), 1, true)
#25 /var/www/html/itnews/bootstrap/compiled.php(7311): Illuminate\Http\FrameGuard->handle(Object(Illuminate\Http\Request), 1, true)
#26 /var/www/html/itnews/bootstrap/compiled.php(7908): Illuminate\Session\Middleware->handle(Object(Illuminate\Http\Request), 1, true)
#27 /var/www/html/itnews/bootstrap/compiled.php(7855): Illuminate\Cookie\Queue->handle(Object(Illuminate\Http\Request), 1, true)
#28 /var/www/html/itnews/bootstrap/compiled.php(10897): Illuminate\Cookie\Guard->handle(Object(Illuminate\Http\Request), 1, true)
#29 /var/www/html/itnews/bootstrap/compiled.php(648): Stack\StackedHttpKernel->handle(Object(Illuminate\Http\Request))
#30 /var/www/html/itnews/public/index.php(49): Illuminate\Foundation\Application->run()
#31 {main}

Next exception 'ErrorException' with message 'Undefined variable: title (View: /var/www/html/itnews/app/views/backend/layouts/base.blade.php) (View: /var/www/html/itnews/app/views/backend/layouts/base.blade.php)' in /var/www/html/itnews/app/storage/views/6e6791d480470dc0a390c12dfaa6263d:5
Stack trace:
#0 /var/www/html/itnews/bootstrap/compiled.php(9616): Illuminate\View\Engines\CompilerEngine->handleViewException(Object(ErrorException))
#1 /var/www/html/itnews/vendor/laravel/framework/src/Illuminate/View/Engines/CompilerEngine.php(56): Illuminate\View\Engines\PhpEngine->evaluatePath('/var/www/html/i...', Array)
#2 /var/www/html/itnews/bootstrap/compiled.php(9492): Illuminate\View\Engines\CompilerEngine->get('/var/www/html/i...', Array)
#3 /var/www/html/itnews/bootstrap/compiled.php(9479): Illuminate\View\View->getContents()
#4 /var/www/html/itnews/bootstrap/compiled.php(9470): Illuminate\View\View->renderContents()
#5 /var/www/html/itnews/app/storage/views/5571886fe5cd2bb95125c84bd3377e3e(13): Illuminate\View\View->render()
#6 /var/www/html/itnews/bootstrap/compiled.php(9614): include('/var/www/html/i...')
#7 /var/www/html/itnews/vendor/laravel/framework/src/Illuminate/View/Engines/CompilerEngine.php(56): Illuminate\View\Engines\PhpEngine->evaluatePath('/var/www/html/i...', Array)
#8 /var/www/html/itnews/bootstrap/compiled.php(9492): Illuminate\View\Engines\CompilerEngine->get('/var/www/html/i...', Array)
#9 /var/www/html/itnews/bootstrap/compiled.php(9479): Illuminate\View\View->getContents()
#10 /var/www/html/itnews/bootstrap/compiled.php(9470): Illuminate\View\View->renderContents()
#11 /var/www/html/itnews/bootstrap/compiled.php(10168): Illuminate\View\View->render()
#12 /var/www/html/itnews/bootstrap/compiled.php(9700): Illuminate\Http\Response->setContent(Object(Illuminate\View\View))
#13 /var/www/html/itnews/bootstrap/compiled.php(4858): Symfony\Component\HttpFoundation\Response->__construct(Object(Illuminate\View\View))
#14 /var/www/html/itnews/bootstrap/compiled.php(4684): Illuminate\Routing\Router->prepareResponse(Object(Illuminate\Http\Request), Object(Illuminate\View\View))
#15 /var/www/html/itnews/bootstrap/compiled.php(4670): Illuminate\Routing\Router->dispatchToRoute(Object(Illuminate\Http\Request))
#16 /var/www/html/itnews/bootstrap/compiled.php(706): Illuminate\Routing\Router->dispatch(Object(Illuminate\Http\Request))
#17 /var/www/html/itnews/bootstrap/compiled.php(687): Illuminate\Foundation\Application->dispatch(Object(Illuminate\Http\Request))
#18 /var/www/html/itnews/bootstrap/compiled.php(1146): Illuminate\Foundation\Application->handle(Object(Illuminate\Http\Request), 1, true)
#19 /var/www/html/itnews/bootstrap/compiled.php(7311): Illuminate\Http\FrameGuard->handle(Object(Illuminate\Http\Request), 1, true)
#20 /var/www/html/itnews/bootstrap/compiled.php(7908): Illuminate\Session\Middleware->handle(Object(Illuminate\Http\Request), 1, true)
#21 /var/www/html/itnews/bootstrap/compiled.php(7855): Illuminate\Cookie\Queue->handle(Object(Illuminate\Http\Request), 1, true)
#22 /var/www/html/itnews/bootstrap/compiled.php(10897): Illuminate\Cookie\Guard->handle(Object(Illuminate\Http\Request), 1, true)
#23 /var/www/html/itnews/bootstrap/compiled.php(648): Stack\StackedHttpKernel->handle(Object(Illuminate\Http\Request))
#24 /var/www/html/itnews/public/index.php(49): Illuminate\Foundation\Application->run()
#25 {main}

Next exception 'ErrorException' with message 'Undefined variable: title (View: /var/www/html/itnews/app/views/backend/layouts/base.blade.php) (View: /var/www/html/itnews/app/views/backend/layouts/base.blade.php) (View: /var/www/html/itnews/app/views/backend/layouts/base.blade.php)' in /var/www/html/itnews/app/storage/views/6e6791d480470dc0a390c12dfaa6263d:5
Stack trace:
#0 /var/www/html/itnews/bootstrap/compiled.php(9616): Illuminate\View\Engines\CompilerEngine->handleViewException(Object(ErrorException))
#1 /var/www/html/itnews/vendor/laravel/framework/src/Illuminate/View/Engines/CompilerEngine.php(56): Illuminate\View\Engines\PhpEngine->evaluatePath('/var/www/html/i...', Array)
#2 /var/www/html/itnews/bootstrap/compiled.php(9492): Illuminate\View\Engines\CompilerEngine->get('/var/www/html/i...', Array)
#3 /var/www/html/itnews/bootstrap/compiled.php(9479): Illuminate\View\View->getContents()
#4 /var/www/html/itnews/bootstrap/compiled.php(9470): Illuminate\View\View->renderContents()
#5 /var/www/html/itnews/bootstrap/compiled.php(10168): Illuminate\View\View->render()
#6 /var/www/html/itnews/bootstrap/compiled.php(9700): Illuminate\Http\Response->setContent(Object(Illuminate\View\View))
#7 /var/www/html/itnews/bootstrap/compiled.php(4858): Symfony\Component\HttpFoundation\Response->__construct(Object(Illuminate\View\View))
#8 /var/www/html/itnews/bootstrap/compiled.php(4684): Illuminate\Routing\Router->prepareResponse(Object(Illuminate\Http\Request), Object(Illuminate\View\View))
#9 /var/www/html/itnews/bootstrap/compiled.php(4670): Illuminate\Routing\Router->dispatchToRoute(Object(Illuminate\Http\Request))
#10 /var/www/html/itnews/bootstrap/compiled.php(706): Illuminate\Routing\Router->dispatch(Object(Illuminate\Http\Request))
#11 /var/www/html/itnews/bootstrap/compiled.php(687): Illuminate\Foundation\Application->dispatch(Object(Illuminate\Http\Request))
#12 /var/www/html/itnews/bootstrap/compiled.php(1146): Illuminate\Foundation\Application->handle(Object(Illuminate\Http\Request), 1, true)
#13 /var/www/html/itnews/bootstrap/compiled.php(7311): Illuminate\Http\FrameGuard->handle(Object(Illuminate\Http\Request), 1, true)
#14 /var/www/html/itnews/bootstrap/compiled.php(7908): Illuminate\Session\Middleware->handle(Object(Illuminate\Http\Request), 1, true)
#15 /var/www/html/itnews/bootstrap/compiled.php(7855): Illuminate\Cookie\Queue->handle(Object(Illuminate\Http\Request), 1, true)
#16 /var/www/html/itnews/bootstrap/compiled.php(10897): Illuminate\Cookie\Guard->handle(Object(Illuminate\Http\Request), 1, true)
#17 /var/www/html/itnews/bootstrap/compiled.php(648): Stack\StackedHttpKernel->handle(Object(Illuminate\Http\Request))
#18 /var/www/html/itnews/public/index.php(49): Illuminate\Foundation\Application->run()
#19 {main} [] []
[2014-12-17 11:50:02] production.ERROR: exception 'ErrorException' with message 'Undefined variable: title' in /var/www/html/itnews/app/storage/views/6e6791d480470dc0a390c12dfaa6263d:5
Stack trace:
#0 /var/www/html/itnews/app/storage/views/6e6791d480470dc0a390c12dfaa6263d(5): Illuminate\Exception\Handler->handleError(8, 'Undefined varia...', '/var/www/html/i...', 5, Array)
#1 /var/www/html/itnews/bootstrap/compiled.php(9614): include('/var/www/html/i...')
#2 /var/www/html/itnews/vendor/laravel/framework/src/Illuminate/View/Engines/CompilerEngine.php(56): Illuminate\View\Engines\PhpEngine->evaluatePath('/var/www/html/i...', Array)
#3 /var/www/html/itnews/bootstrap/compiled.php(9492): Illuminate\View\Engines\CompilerEngine->get('/var/www/html/i...', Array)
#4 /var/www/html/itnews/bootstrap/compiled.php(9479): Illuminate\View\View->getContents()
#5 /var/www/html/itnews/bootstrap/compiled.php(9470): Illuminate\View\View->renderContents()
#6 /var/www/html/itnews/app/storage/views/12b74c3851fbfae2383e3ac70ce58288(44): Illuminate\View\View->render()
#7 /var/www/html/itnews/bootstrap/compiled.php(9614): include('/var/www/html/i...')
#8 /var/www/html/itnews/vendor/laravel/framework/src/Illuminate/View/Engines/CompilerEngine.php(56): Illuminate\View\Engines\PhpEngine->evaluatePath('/var/www/html/i...', Array)
#9 /var/www/html/itnews/bootstrap/compiled.php(9492): Illuminate\View\Engines\CompilerEngine->get('/var/www/html/i...', Array)
#10 /var/www/html/itnews/bootstrap/compiled.php(9479): Illuminate\View\View->getContents()
#11 /var/www/html/itnews/bootstrap/compiled.php(9470): Illuminate\View\View->renderContents()
#12 /var/www/html/itnews/app/storage/views/5571886fe5cd2bb95125c84bd3377e3e(13): Illuminate\View\View->render()
#13 /var/www/html/itnews/bootstrap/compiled.php(9614): include('/var/www/html/i...')
#14 /var/www/html/itnews/vendor/laravel/framework/src/Illuminate/View/Engines/CompilerEngine.php(56): Illuminate\View\Engines\PhpEngine->evaluatePath('/var/www/html/i...', Array)
#15 /var/www/html/itnews/bootstrap/compiled.php(9492): Illuminate\View\Engines\CompilerEngine->get('/var/www/html/i...', Array)
#16 /var/www/html/itnews/bootstrap/compiled.php(9479): Illuminate\View\View->getContents()
#17 /var/www/html/itnews/bootstrap/compiled.php(9470): Illuminate\View\View->renderContents()
#18 /var/www/html/itnews/bootstrap/compiled.php(10168): Illuminate\View\View->render()
#19 /var/www/html/itnews/bootstrap/compiled.php(9700): Illuminate\Http\Response->setContent(Object(Illuminate\View\View))
#20 /var/www/html/itnews/bootstrap/compiled.php(4858): Symfony\Component\HttpFoundation\Response->__construct(Object(Illuminate\View\View))
#21 /var/www/html/itnews/bootstrap/compiled.php(4684): Illuminate\Routing\Router->prepareResponse(Object(Illuminate\Http\Request), Object(Illuminate\View\View))
#22 /var/www/html/itnews/bootstrap/compiled.php(4670): Illuminate\Routing\Router->dispatchToRoute(Object(Illuminate\Http\Request))
#23 /var/www/html/itnews/bootstrap/compiled.php(706): Illuminate\Routing\Router->dispatch(Object(Illuminate\Http\Request))
#24 /var/www/html/itnews/bootstrap/compiled.php(687): Illuminate\Foundation\Application->dispatch(Object(Illuminate\Http\Request))
#25 /var/www/html/itnews/bootstrap/compiled.php(1146): Illuminate\Foundation\Application->handle(Object(Illuminate\Http\Request), 1, true)
#26 /var/www/html/itnews/bootstrap/compiled.php(7311): Illuminate\Http\FrameGuard->handle(Object(Illuminate\Http\Request), 1, true)
#27 /var/www/html/itnews/bootstrap/compiled.php(7908): Illuminate\Session\Middleware->handle(Object(Illuminate\Http\Request), 1, true)
#28 /var/www/html/itnews/bootstrap/compiled.php(7855): Illuminate\Cookie\Queue->handle(Object(Illuminate\Http\Request), 1, true)
#29 /var/www/html/itnews/bootstrap/compiled.php(10897): Illuminate\Cookie\Guard->handle(Object(Illuminate\Http\Request), 1, true)
#30 /var/www/html/itnews/bootstrap/compiled.php(648): Stack\StackedHttpKernel->handle(Object(Illuminate\Http\Request))
#31 /var/www/html/itnews/public/index.php(49): Illuminate\Foundation\Application->run()
#32 {main}

Next exception 'ErrorException' with message 'Undefined variable: title (View: /var/www/html/itnews/app/views/backend/layouts/base.blade.php)' in /var/www/html/itnews/app/storage/views/6e6791d480470dc0a390c12dfaa6263d:5
Stack trace:
#0 /var/www/html/itnews/bootstrap/compiled.php(9616): Illuminate\View\Engines\CompilerEngine->handleViewException(Object(ErrorException))
#1 /var/www/html/itnews/vendor/laravel/framework/src/Illuminate/View/Engines/CompilerEngine.php(56): Illuminate\View\Engines\PhpEngine->evaluatePath('/var/www/html/i...', Array)
#2 /var/www/html/itnews/bootstrap/compiled.php(9492): Illuminate\View\Engines\CompilerEngine->get('/var/www/html/i...', Array)
#3 /var/www/html/itnews/bootstrap/compiled.php(9479): Illuminate\View\View->getContents()
#4 /var/www/html/itnews/bootstrap/compiled.php(9470): Illuminate\View\View->renderContents()
#5 /var/www/html/itnews/app/storage/views/12b74c3851fbfae2383e3ac70ce58288(44): Illuminate\View\View->render()
#6 /var/www/html/itnews/bootstrap/compiled.php(9614): include('/var/www/html/i...')
#7 /var/www/html/itnews/vendor/laravel/framework/src/Illuminate/View/Engines/CompilerEngine.php(56): Illuminate\View\Engines\PhpEngine->evaluatePath('/var/www/html/i...', Array)
#8 /var/www/html/itnews/bootstrap/compiled.php(9492): Illuminate\View\Engines\CompilerEngine->get('/var/www/html/i...', Array)
#9 /var/www/html/itnews/bootstrap/compiled.php(9479): Illuminate\View\View->getContents()
#10 /var/www/html/itnews/bootstrap/compiled.php(9470): Illuminate\View\View->renderContents()
#11 /var/www/html/itnews/app/storage/views/5571886fe5cd2bb95125c84bd3377e3e(13): Illuminate\View\View->render()
#12 /var/www/html/itnews/bootstrap/compiled.php(9614): include('/var/www/html/i...')
#13 /var/www/html/itnews/vendor/laravel/framework/src/Illuminate/View/Engines/CompilerEngine.php(56): Illuminate\View\Engines\PhpEngine->evaluatePath('/var/www/html/i...', Array)
#14 /var/www/html/itnews/bootstrap/compiled.php(9492): Illuminate\View\Engines\CompilerEngine->get('/var/www/html/i...', Array)
#15 /var/www/html/itnews/bootstrap/compiled.php(9479): Illuminate\View\View->getContents()
#16 /var/www/html/itnews/bootstrap/compiled.php(9470): Illuminate\View\View->renderContents()
#17 /var/www/html/itnews/bootstrap/compiled.php(10168): Illuminate\View\View->render()
#18 /var/www/html/itnews/bootstrap/compiled.php(9700): Illuminate\Http\Response->setContent(Object(Illuminate\View\View))
#19 /var/www/html/itnews/bootstrap/compiled.php(4858): Symfony\Component\HttpFoundation\Response->__construct(Object(Illuminate\View\View))
#20 /var/www/html/itnews/bootstrap/compiled.php(4684): Illuminate\Routing\Router->prepareResponse(Object(Illuminate\Http\Request), Object(Illuminate\View\View))
#21 /var/www/html/itnews/bootstrap/compiled.php(4670): Illuminate\Routing\Router->dispatchToRoute(Object(Illuminate\Http\Request))
#22 /var/www/html/itnews/bootstrap/compiled.php(706): Illuminate\Routing\Router->dispatch(Object(Illuminate\Http\Request))
#23 /var/www/html/itnews/bootstrap/compiled.php(687): Illuminate\Foundation\Application->dispatch(Object(Illuminate\Http\Request))
#24 /var/www/html/itnews/bootstrap/compiled.php(1146): Illuminate\Foundation\Application->handle(Object(Illuminate\Http\Request), 1, true)
#25 /var/www/html/itnews/bootstrap/compiled.php(7311): Illuminate\Http\FrameGuard->handle(Object(Illuminate\Http\Request), 1, true)
#26 /var/www/html/itnews/bootstrap/compiled.php(7908): Illuminate\Session\Middleware->handle(Object(Illuminate\Http\Request), 1, true)
#27 /var/www/html/itnews/bootstrap/compiled.php(7855): Illuminate\Cookie\Queue->handle(Object(Illuminate\Http\Request), 1, true)
#28 /var/www/html/itnews/bootstrap/compiled.php(10897): Illuminate\Cookie\Guard->handle(Object(Illuminate\Http\Request), 1, true)
#29 /var/www/html/itnews/bootstrap/compiled.php(648): Stack\StackedHttpKernel->handle(Object(Illuminate\Http\Request))
#30 /var/www/html/itnews/public/index.php(49): Illuminate\Foundation\Application->run()
#31 {main}

Next exception 'ErrorException' with message 'Undefined variable: title (View: /var/www/html/itnews/app/views/backend/layouts/base.blade.php) (View: /var/www/html/itnews/app/views/backend/layouts/base.blade.php)' in /var/www/html/itnews/app/storage/views/6e6791d480470dc0a390c12dfaa6263d:5
Stack trace:
#0 /var/www/html/itnews/bootstrap/compiled.php(9616): Illuminate\View\Engines\CompilerEngine->handleViewException(Object(ErrorException))
#1 /var/www/html/itnews/vendor/laravel/framework/src/Illuminate/View/Engines/CompilerEngine.php(56): Illuminate\View\Engines\PhpEngine->evaluatePath('/var/www/html/i...', Array)
#2 /var/www/html/itnews/bootstrap/compiled.php(9492): Illuminate\View\Engines\CompilerEngine->get('/var/www/html/i...', Array)
#3 /var/www/html/itnews/bootstrap/compiled.php(9479): Illuminate\View\View->getContents()
#4 /var/www/html/itnews/bootstrap/compiled.php(9470): Illuminate\View\View->renderContents()
#5 /var/www/html/itnews/app/storage/views/5571886fe5cd2bb95125c84bd3377e3e(13): Illuminate\View\View->render()
#6 /var/www/html/itnews/bootstrap/compiled.php(9614): include('/var/www/html/i...')
#7 /var/www/html/itnews/vendor/laravel/framework/src/Illuminate/View/Engines/CompilerEngine.php(56): Illuminate\View\Engines\PhpEngine->evaluatePath('/var/www/html/i...', Array)
#8 /var/www/html/itnews/bootstrap/compiled.php(9492): Illuminate\View\Engines\CompilerEngine->get('/var/www/html/i...', Array)
#9 /var/www/html/itnews/bootstrap/compiled.php(9479): Illuminate\View\View->getContents()
#10 /var/www/html/itnews/bootstrap/compiled.php(9470): Illuminate\View\View->renderContents()
#11 /var/www/html/itnews/bootstrap/compiled.php(10168): Illuminate\View\View->render()
#12 /var/www/html/itnews/bootstrap/compiled.php(9700): Illuminate\Http\Response->setContent(Object(Illuminate\View\View))
#13 /var/www/html/itnews/bootstrap/compiled.php(4858): Symfony\Component\HttpFoundation\Response->__construct(Object(Illuminate\View\View))
#14 /var/www/html/itnews/bootstrap/compiled.php(4684): Illuminate\Routing\Router->prepareResponse(Object(Illuminate\Http\Request), Object(Illuminate\View\View))
#15 /var/www/html/itnews/bootstrap/compiled.php(4670): Illuminate\Routing\Router->dispatchToRoute(Object(Illuminate\Http\Request))
#16 /var/www/html/itnews/bootstrap/compiled.php(706): Illuminate\Routing\Router->dispatch(Object(Illuminate\Http\Request))
#17 /var/www/html/itnews/bootstrap/compiled.php(687): Illuminate\Foundation\Application->dispatch(Object(Illuminate\Http\Request))
#18 /var/www/html/itnews/bootstrap/compiled.php(1146): Illuminate\Foundation\Application->handle(Object(Illuminate\Http\Request), 1, true)
#19 /var/www/html/itnews/bootstrap/compiled.php(7311): Illuminate\Http\FrameGuard->handle(Object(Illuminate\Http\Request), 1, true)
#20 /var/www/html/itnews/bootstrap/compiled.php(7908): Illuminate\Session\Middleware->handle(Object(Illuminate\Http\Request), 1, true)
#21 /var/www/html/itnews/bootstrap/compiled.php(7855): Illuminate\Cookie\Queue->handle(Object(Illuminate\Http\Request), 1, true)
#22 /var/www/html/itnews/bootstrap/compiled.php(10897): Illuminate\Cookie\Guard->handle(Object(Illuminate\Http\Request), 1, true)
#23 /var/www/html/itnews/bootstrap/compiled.php(648): Stack\StackedHttpKernel->handle(Object(Illuminate\Http\Request))
#24 /var/www/html/itnews/public/index.php(49): Illuminate\Foundation\Application->run()
#25 {main}

Next exception 'ErrorException' with message 'Undefined variable: title (View: /var/www/html/itnews/app/views/backend/layouts/base.blade.php) (View: /var/www/html/itnews/app/views/backend/layouts/base.blade.php) (View: /var/www/html/itnews/app/views/backend/layouts/base.blade.php)' in /var/www/html/itnews/app/storage/views/6e6791d480470dc0a390c12dfaa6263d:5
Stack trace:
#0 /var/www/html/itnews/bootstrap/compiled.php(9616): Illuminate\View\Engines\CompilerEngine->handleViewException(Object(ErrorException))
#1 /var/www/html/itnews/vendor/laravel/framework/src/Illuminate/View/Engines/CompilerEngine.php(56): Illuminate\View\Engines\PhpEngine->evaluatePath('/var/www/html/i...', Array)
#2 /var/www/html/itnews/bootstrap/compiled.php(9492): Illuminate\View\Engines\CompilerEngine->get('/var/www/html/i...', Array)
#3 /var/www/html/itnews/bootstrap/compiled.php(9479): Illuminate\View\View->getContents()
#4 /var/www/html/itnews/bootstrap/compiled.php(9470): Illuminate\View\View->renderContents()
#5 /var/www/html/itnews/bootstrap/compiled.php(10168): Illuminate\View\View->render()
#6 /var/www/html/itnews/bootstrap/compiled.php(9700): Illuminate\Http\Response->setContent(Object(Illuminate\View\View))
#7 /var/www/html/itnews/bootstrap/compiled.php(4858): Symfony\Component\HttpFoundation\Response->__construct(Object(Illuminate\View\View))
#8 /var/www/html/itnews/bootstrap/compiled.php(4684): Illuminate\Routing\Router->prepareResponse(Object(Illuminate\Http\Request), Object(Illuminate\View\View))
#9 /var/www/html/itnews/bootstrap/compiled.php(4670): Illuminate\Routing\Router->dispatchToRoute(Object(Illuminate\Http\Request))
#10 /var/www/html/itnews/bootstrap/compiled.php(706): Illuminate\Routing\Router->dispatch(Object(Illuminate\Http\Request))
#11 /var/www/html/itnews/bootstrap/compiled.php(687): Illuminate\Foundation\Application->dispatch(Object(Illuminate\Http\Request))
#12 /var/www/html/itnews/bootstrap/compiled.php(1146): Illuminate\Foundation\Application->handle(Object(Illuminate\Http\Request), 1, true)
#13 /var/www/html/itnews/bootstrap/compiled.php(7311): Illuminate\Http\FrameGuard->handle(Object(Illuminate\Http\Request), 1, true)
#14 /var/www/html/itnews/bootstrap/compiled.php(7908): Illuminate\Session\Middleware->handle(Object(Illuminate\Http\Request), 1, true)
#15 /var/www/html/itnews/bootstrap/compiled.php(7855): Illuminate\Cookie\Queue->handle(Object(Illuminate\Http\Request), 1, true)
#16 /var/www/html/itnews/bootstrap/compiled.php(10897): Illuminate\Cookie\Guard->handle(Object(Illuminate\Http\Request), 1, true)
#17 /var/www/html/itnews/bootstrap/compiled.php(648): Stack\StackedHttpKernel->handle(Object(Illuminate\Http\Request))
#18 /var/www/html/itnews/public/index.php(49): Illuminate\Foundation\Application->run()
#19 {main} [] []
[2014-12-17 11:50:09] production.ERROR: exception 'ErrorException' with message 'Undefined variable: title' in /var/www/html/itnews/app/storage/views/6e6791d480470dc0a390c12dfaa6263d:5
Stack trace:
#0 /var/www/html/itnews/app/storage/views/6e6791d480470dc0a390c12dfaa6263d(5): Illuminate\Exception\Handler->handleError(8, 'Undefined varia...', '/var/www/html/i...', 5, Array)
#1 /var/www/html/itnews/bootstrap/compiled.php(9614): include('/var/www/html/i...')
#2 /var/www/html/itnews/vendor/laravel/framework/src/Illuminate/View/Engines/CompilerEngine.php(56): Illuminate\View\Engines\PhpEngine->evaluatePath('/var/www/html/i...', Array)
#3 /var/www/html/itnews/bootstrap/compiled.php(9492): Illuminate\View\Engines\CompilerEngine->get('/var/www/html/i...', Array)
#4 /var/www/html/itnews/bootstrap/compiled.php(9479): Illuminate\View\View->getContents()
#5 /var/www/html/itnews/bootstrap/compiled.php(9470): Illuminate\View\View->renderContents()
#6 /var/www/html/itnews/app/storage/views/12b74c3851fbfae2383e3ac70ce58288(44): Illuminate\View\View->render()
#7 /var/www/html/itnews/bootstrap/compiled.php(9614): include('/var/www/html/i...')
#8 /var/www/html/itnews/vendor/laravel/framework/src/Illuminate/View/Engines/CompilerEngine.php(56): Illuminate\View\Engines\PhpEngine->evaluatePath('/var/www/html/i...', Array)
#9 /var/www/html/itnews/bootstrap/compiled.php(9492): Illuminate\View\Engines\CompilerEngine->get('/var/www/html/i...', Array)
#10 /var/www/html/itnews/bootstrap/compiled.php(9479): Illuminate\View\View->getContents()
#11 /var/www/html/itnews/bootstrap/compiled.php(9470): Illuminate\View\View->renderContents()
#12 /var/www/html/itnews/app/storage/views/5571886fe5cd2bb95125c84bd3377e3e(13): Illuminate\View\View->render()
#13 /var/www/html/itnews/bootstrap/compiled.php(9614): include('/var/www/html/i...')
#14 /var/www/html/itnews/vendor/laravel/framework/src/Illuminate/View/Engines/CompilerEngine.php(56): Illuminate\View\Engines\PhpEngine->evaluatePath('/var/www/html/i...', Array)
#15 /var/www/html/itnews/bootstrap/compiled.php(9492): Illuminate\View\Engines\CompilerEngine->get('/var/www/html/i...', Array)
#16 /var/www/html/itnews/bootstrap/compiled.php(9479): Illuminate\View\View->getContents()
#17 /var/www/html/itnews/bootstrap/compiled.php(9470): Illuminate\View\View->renderContents()
#18 /var/www/html/itnews/bootstrap/compiled.php(10168): Illuminate\View\View->render()
#19 /var/www/html/itnews/bootstrap/compiled.php(9700): Illuminate\Http\Response->setContent(Object(Illuminate\View\View))
#20 /var/www/html/itnews/bootstrap/compiled.php(4858): Symfony\Component\HttpFoundation\Response->__construct(Object(Illuminate\View\View))
#21 /var/www/html/itnews/bootstrap/compiled.php(4684): Illuminate\Routing\Router->prepareResponse(Object(Illuminate\Http\Request), Object(Illuminate\View\View))
#22 /var/www/html/itnews/bootstrap/compiled.php(4670): Illuminate\Routing\Router->dispatchToRoute(Object(Illuminate\Http\Request))
#23 /var/www/html/itnews/bootstrap/compiled.php(706): Illuminate\Routing\Router->dispatch(Object(Illuminate\Http\Request))
#24 /var/www/html/itnews/bootstrap/compiled.php(687): Illuminate\Foundation\Application->dispatch(Object(Illuminate\Http\Request))
#25 /var/www/html/itnews/bootstrap/compiled.php(1146): Illuminate\Foundation\Application->handle(Object(Illuminate\Http\Request), 1, true)
#26 /var/www/html/itnews/bootstrap/compiled.php(7311): Illuminate\Http\FrameGuard->handle(Object(Illuminate\Http\Request), 1, true)
#27 /var/www/html/itnews/bootstrap/compiled.php(7908): Illuminate\Session\Middleware->handle(Object(Illuminate\Http\Request), 1, true)
#28 /var/www/html/itnews/bootstrap/compiled.php(7855): Illuminate\Cookie\Queue->handle(Object(Illuminate\Http\Request), 1, true)
#29 /var/www/html/itnews/bootstrap/compiled.php(10897): Illuminate\Cookie\Guard->handle(Object(Illuminate\Http\Request), 1, true)
#30 /var/www/html/itnews/bootstrap/compiled.php(648): Stack\StackedHttpKernel->handle(Object(Illuminate\Http\Request))
#31 /var/www/html/itnews/public/index.php(49): Illuminate\Foundation\Application->run()
#32 {main}

Next exception 'ErrorException' with message 'Undefined variable: title (View: /var/www/html/itnews/app/views/backend/layouts/base.blade.php)' in /var/www/html/itnews/app/storage/views/6e6791d480470dc0a390c12dfaa6263d:5
Stack trace:
#0 /var/www/html/itnews/bootstrap/compiled.php(9616): Illuminate\View\Engines\CompilerEngine->handleViewException(Object(ErrorException))
#1 /var/www/html/itnews/vendor/laravel/framework/src/Illuminate/View/Engines/CompilerEngine.php(56): Illuminate\View\Engines\PhpEngine->evaluatePath('/var/www/html/i...', Array)
#2 /var/www/html/itnews/bootstrap/compiled.php(9492): Illuminate\View\Engines\CompilerEngine->get('/var/www/html/i...', Array)
#3 /var/www/html/itnews/bootstrap/compiled.php(9479): Illuminate\View\View->getContents()
#4 /var/www/html/itnews/bootstrap/compiled.php(9470): Illuminate\View\View->renderContents()
#5 /var/www/html/itnews/app/storage/views/12b74c3851fbfae2383e3ac70ce58288(44): Illuminate\View\View->render()
#6 /var/www/html/itnews/bootstrap/compiled.php(9614): include('/var/www/html/i...')
#7 /var/www/html/itnews/vendor/laravel/framework/src/Illuminate/View/Engines/CompilerEngine.php(56): Illuminate\View\Engines\PhpEngine->evaluatePath('/var/www/html/i...', Array)
#8 /var/www/html/itnews/bootstrap/compiled.php(9492): Illuminate\View\Engines\CompilerEngine->get('/var/www/html/i...', Array)
#9 /var/www/html/itnews/bootstrap/compiled.php(9479): Illuminate\View\View->getContents()
#10 /var/www/html/itnews/bootstrap/compiled.php(9470): Illuminate\View\View->renderContents()
#11 /var/www/html/itnews/app/storage/views/5571886fe5cd2bb95125c84bd3377e3e(13): Illuminate\View\View->render()
#12 /var/www/html/itnews/bootstrap/compiled.php(9614): include('/var/www/html/i...')
#13 /var/www/html/itnews/vendor/laravel/framework/src/Illuminate/View/Engines/CompilerEngine.php(56): Illuminate\View\Engines\PhpEngine->evaluatePath('/var/www/html/i...', Array)
#14 /var/www/html/itnews/bootstrap/compiled.php(9492): Illuminate\View\Engines\CompilerEngine->get('/var/www/html/i...', Array)
#15 /var/www/html/itnews/bootstrap/compiled.php(9479): Illuminate\View\View->getContents()
#16 /var/www/html/itnews/bootstrap/compiled.php(9470): Illuminate\View\View->renderContents()
#17 /var/www/html/itnews/bootstrap/compiled.php(10168): Illuminate\View\View->render()
#18 /var/www/html/itnews/bootstrap/compiled.php(9700): Illuminate\Http\Response->setContent(Object(Illuminate\View\View))
#19 /var/www/html/itnews/bootstrap/compiled.php(4858): Symfony\Component\HttpFoundation\Response->__construct(Object(Illuminate\View\View))
#20 /var/www/html/itnews/bootstrap/compiled.php(4684): Illuminate\Routing\Router->prepareResponse(Object(Illuminate\Http\Request), Object(Illuminate\View\View))
#21 /var/www/html/itnews/bootstrap/compiled.php(4670): Illuminate\Routing\Router->dispatchToRoute(Object(Illuminate\Http\Request))
#22 /var/www/html/itnews/bootstrap/compiled.php(706): Illuminate\Routing\Router->dispatch(Object(Illuminate\Http\Request))
#23 /var/www/html/itnews/bootstrap/compiled.php(687): Illuminate\Foundation\Application->dispatch(Object(Illuminate\Http\Request))
#24 /var/www/html/itnews/bootstrap/compiled.php(1146): Illuminate\Foundation\Application->handle(Object(Illuminate\Http\Request), 1, true)
#25 /var/www/html/itnews/bootstrap/compiled.php(7311): Illuminate\Http\FrameGuard->handle(Object(Illuminate\Http\Request), 1, true)
#26 /var/www/html/itnews/bootstrap/compiled.php(7908): Illuminate\Session\Middleware->handle(Object(Illuminate\Http\Request), 1, true)
#27 /var/www/html/itnews/bootstrap/compiled.php(7855): Illuminate\Cookie\Queue->handle(Object(Illuminate\Http\Request), 1, true)
#28 /var/www/html/itnews/bootstrap/compiled.php(10897): Illuminate\Cookie\Guard->handle(Object(Illuminate\Http\Request), 1, true)
#29 /var/www/html/itnews/bootstrap/compiled.php(648): Stack\StackedHttpKernel->handle(Object(Illuminate\Http\Request))
#30 /var/www/html/itnews/public/index.php(49): Illuminate\Foundation\Application->run()
#31 {main}

Next exception 'ErrorException' with message 'Undefined variable: title (View: /var/www/html/itnews/app/views/backend/layouts/base.blade.php) (View: /var/www/html/itnews/app/views/backend/layouts/base.blade.php)' in /var/www/html/itnews/app/storage/views/6e6791d480470dc0a390c12dfaa6263d:5
Stack trace:
#0 /var/www/html/itnews/bootstrap/compiled.php(9616): Illuminate\View\Engines\CompilerEngine->handleViewException(Object(ErrorException))
#1 /var/www/html/itnews/vendor/laravel/framework/src/Illuminate/View/Engines/CompilerEngine.php(56): Illuminate\View\Engines\PhpEngine->evaluatePath('/var/www/html/i...', Array)
#2 /var/www/html/itnews/bootstrap/compiled.php(9492): Illuminate\View\Engines\CompilerEngine->get('/var/www/html/i...', Array)
#3 /var/www/html/itnews/bootstrap/compiled.php(9479): Illuminate\View\View->getContents()
#4 /var/www/html/itnews/bootstrap/compiled.php(9470): Illuminate\View\View->renderContents()
#5 /var/www/html/itnews/app/storage/views/5571886fe5cd2bb95125c84bd3377e3e(13): Illuminate\View\View->render()
#6 /var/www/html/itnews/bootstrap/compiled.php(9614): include('/var/www/html/i...')
#7 /var/www/html/itnews/vendor/laravel/framework/src/Illuminate/View/Engines/CompilerEngine.php(56): Illuminate\View\Engines\PhpEngine->evaluatePath('/var/www/html/i...', Array)
#8 /var/www/html/itnews/bootstrap/compiled.php(9492): Illuminate\View\Engines\CompilerEngine->get('/var/www/html/i...', Array)
#9 /var/www/html/itnews/bootstrap/compiled.php(9479): Illuminate\View\View->getContents()
#10 /var/www/html/itnews/bootstrap/compiled.php(9470): Illuminate\View\View->renderContents()
#11 /var/www/html/itnews/bootstrap/compiled.php(10168): Illuminate\View\View->render()
#12 /var/www/html/itnews/bootstrap/compiled.php(9700): Illuminate\Http\Response->setContent(Object(Illuminate\View\View))
#13 /var/www/html/itnews/bootstrap/compiled.php(4858): Symfony\Component\HttpFoundation\Response->__construct(Object(Illuminate\View\View))
#14 /var/www/html/itnews/bootstrap/compiled.php(4684): Illuminate\Routing\Router->prepareResponse(Object(Illuminate\Http\Request), Object(Illuminate\View\View))
#15 /var/www/html/itnews/bootstrap/compiled.php(4670): Illuminate\Routing\Router->dispatchToRoute(Object(Illuminate\Http\Request))
#16 /var/www/html/itnews/bootstrap/compiled.php(706): Illuminate\Routing\Router->dispatch(Object(Illuminate\Http\Request))
#17 /var/www/html/itnews/bootstrap/compiled.php(687): Illuminate\Foundation\Application->dispatch(Object(Illuminate\Http\Request))
#18 /var/www/html/itnews/bootstrap/compiled.php(1146): Illuminate\Foundation\Application->handle(Object(Illuminate\Http\Request), 1, true)
#19 /var/www/html/itnews/bootstrap/compiled.php(7311): Illuminate\Http\FrameGuard->handle(Object(Illuminate\Http\Request), 1, true)
#20 /var/www/html/itnews/bootstrap/compiled.php(7908): Illuminate\Session\Middleware->handle(Object(Illuminate\Http\Request), 1, true)
#21 /var/www/html/itnews/bootstrap/compiled.php(7855): Illuminate\Cookie\Queue->handle(Object(Illuminate\Http\Request), 1, true)
#22 /var/www/html/itnews/bootstrap/compiled.php(10897): Illuminate\Cookie\Guard->handle(Object(Illuminate\Http\Request), 1, true)
#23 /var/www/html/itnews/bootstrap/compiled.php(648): Stack\StackedHttpKernel->handle(Object(Illuminate\Http\Request))
#24 /var/www/html/itnews/public/index.php(49): Illuminate\Foundation\Application->run()
#25 {main}

Next exception 'ErrorException' with message 'Undefined variable: title (View: /var/www/html/itnews/app/views/backend/layouts/base.blade.php) (View: /var/www/html/itnews/app/views/backend/layouts/base.blade.php) (View: /var/www/html/itnews/app/views/backend/layouts/base.blade.php)' in /var/www/html/itnews/app/storage/views/6e6791d480470dc0a390c12dfaa6263d:5
Stack trace:
#0 /var/www/html/itnews/bootstrap/compiled.php(9616): Illuminate\View\Engines\CompilerEngine->handleViewException(Object(ErrorException))
#1 /var/www/html/itnews/vendor/laravel/framework/src/Illuminate/View/Engines/CompilerEngine.php(56): Illuminate\View\Engines\PhpEngine->evaluatePath('/var/www/html/i...', Array)
#2 /var/www/html/itnews/bootstrap/compiled.php(9492): Illuminate\View\Engines\CompilerEngine->get('/var/www/html/i...', Array)
#3 /var/www/html/itnews/bootstrap/compiled.php(9479): Illuminate\View\View->getContents()
#4 /var/www/html/itnews/bootstrap/compiled.php(9470): Illuminate\View\View->renderContents()
#5 /var/www/html/itnews/bootstrap/compiled.php(10168): Illuminate\View\View->render()
#6 /var/www/html/itnews/bootstrap/compiled.php(9700): Illuminate\Http\Response->setContent(Object(Illuminate\View\View))
#7 /var/www/html/itnews/bootstrap/compiled.php(4858): Symfony\Component\HttpFoundation\Response->__construct(Object(Illuminate\View\View))
#8 /var/www/html/itnews/bootstrap/compiled.php(4684): Illuminate\Routing\Router->prepareResponse(Object(Illuminate\Http\Request), Object(Illuminate\View\View))
#9 /var/www/html/itnews/bootstrap/compiled.php(4670): Illuminate\Routing\Router->dispatchToRoute(Object(Illuminate\Http\Request))
#10 /var/www/html/itnews/bootstrap/compiled.php(706): Illuminate\Routing\Router->dispatch(Object(Illuminate\Http\Request))
#11 /var/www/html/itnews/bootstrap/compiled.php(687): Illuminate\Foundation\Application->dispatch(Object(Illuminate\Http\Request))
#12 /var/www/html/itnews/bootstrap/compiled.php(1146): Illuminate\Foundation\Application->handle(Object(Illuminate\Http\Request), 1, true)
#13 /var/www/html/itnews/bootstrap/compiled.php(7311): Illuminate\Http\FrameGuard->handle(Object(Illuminate\Http\Request), 1, true)
#14 /var/www/html/itnews/bootstrap/compiled.php(7908): Illuminate\Session\Middleware->handle(Object(Illuminate\Http\Request), 1, true)
#15 /var/www/html/itnews/bootstrap/compiled.php(7855): Illuminate\Cookie\Queue->handle(Object(Illuminate\Http\Request), 1, true)
#16 /var/www/html/itnews/bootstrap/compiled.php(10897): Illuminate\Cookie\Guard->handle(Object(Illuminate\Http\Request), 1, true)
#17 /var/www/html/itnews/bootstrap/compiled.php(648): Stack\StackedHttpKernel->handle(Object(Illuminate\Http\Request))
#18 /var/www/html/itnews/public/index.php(49): Illuminate\Foundation\Application->run()
#19 {main} [] []
[2014-12-17 11:51:45] production.ERROR: exception 'Symfony\Component\HttpKernel\Exception\NotFoundHttpException' in /var/www/html/itnews/bootstrap/compiled.php:5340
Stack trace:
#0 /var/www/html/itnews/bootstrap/compiled.php(4690): Illuminate\Routing\RouteCollection->match(Object(Illuminate\Http\Request))
#1 /var/www/html/itnews/bootstrap/compiled.php(4678): Illuminate\Routing\Router->findRoute(Object(Illuminate\Http\Request))
#2 /var/www/html/itnews/bootstrap/compiled.php(4670): Illuminate\Routing\Router->dispatchToRoute(Object(Illuminate\Http\Request))
#3 /var/www/html/itnews/bootstrap/compiled.php(706): Illuminate\Routing\Router->dispatch(Object(Illuminate\Http\Request))
#4 /var/www/html/itnews/bootstrap/compiled.php(687): Illuminate\Foundation\Application->dispatch(Object(Illuminate\Http\Request))
#5 /var/www/html/itnews/bootstrap/compiled.php(1146): Illuminate\Foundation\Application->handle(Object(Illuminate\Http\Request), 1, true)
#6 /var/www/html/itnews/bootstrap/compiled.php(7311): Illuminate\Http\FrameGuard->handle(Object(Illuminate\Http\Request), 1, true)
#7 /var/www/html/itnews/bootstrap/compiled.php(7908): Illuminate\Session\Middleware->handle(Object(Illuminate\Http\Request), 1, true)
#8 /var/www/html/itnews/bootstrap/compiled.php(7855): Illuminate\Cookie\Queue->handle(Object(Illuminate\Http\Request), 1, true)
#9 /var/www/html/itnews/bootstrap/compiled.php(10897): Illuminate\Cookie\Guard->handle(Object(Illuminate\Http\Request), 1, true)
#10 /var/www/html/itnews/bootstrap/compiled.php(648): Stack\StackedHttpKernel->handle(Object(Illuminate\Http\Request))
#11 /var/www/html/itnews/public/index.php(49): Illuminate\Foundation\Application->run()
#12 {main} [] []
[2014-12-17 11:51:45] production.ERROR: exception 'Symfony\Component\HttpKernel\Exception\NotFoundHttpException' in /var/www/html/itnews/bootstrap/compiled.php:5340
Stack trace:
#0 /var/www/html/itnews/bootstrap/compiled.php(4690): Illuminate\Routing\RouteCollection->match(Object(Illuminate\Http\Request))
#1 /var/www/html/itnews/bootstrap/compiled.php(4678): Illuminate\Routing\Router->findRoute(Object(Illuminate\Http\Request))
#2 /var/www/html/itnews/bootstrap/compiled.php(4670): Illuminate\Routing\Router->dispatchToRoute(Object(Illuminate\Http\Request))
#3 /var/www/html/itnews/bootstrap/compiled.php(706): Illuminate\Routing\Router->dispatch(Object(Illuminate\Http\Request))
#4 /var/www/html/itnews/bootstrap/compiled.php(687): Illuminate\Foundation\Application->dispatch(Object(Illuminate\Http\Request))
#5 /var/www/html/itnews/bootstrap/compiled.php(1146): Illuminate\Foundation\Application->handle(Object(Illuminate\Http\Request), 1, true)
#6 /var/www/html/itnews/bootstrap/compiled.php(7311): Illuminate\Http\FrameGuard->handle(Object(Illuminate\Http\Request), 1, true)
#7 /var/www/html/itnews/bootstrap/compiled.php(7908): Illuminate\Session\Middleware->handle(Object(Illuminate\Http\Request), 1, true)
#8 /var/www/html/itnews/bootstrap/compiled.php(7855): Illuminate\Cookie\Queue->handle(Object(Illuminate\Http\Request), 1, true)
#9 /var/www/html/itnews/bootstrap/compiled.php(10897): Illuminate\Cookie\Guard->handle(Object(Illuminate\Http\Request), 1, true)
#10 /var/www/html/itnews/bootstrap/compiled.php(648): Stack\StackedHttpKernel->handle(Object(Illuminate\Http\Request))
#11 /var/www/html/itnews/public/index.php(49): Illuminate\Foundation\Application->run()
#12 {main} [] []
[2014-12-17 11:51:45] production.ERROR: exception 'Symfony\Component\HttpKernel\Exception\NotFoundHttpException' in /var/www/html/itnews/bootstrap/compiled.php:5340
Stack trace:
#0 /var/www/html/itnews/bootstrap/compiled.php(4690): Illuminate\Routing\RouteCollection->match(Object(Illuminate\Http\Request))
#1 /var/www/html/itnews/bootstrap/compiled.php(4678): Illuminate\Routing\Router->findRoute(Object(Illuminate\Http\Request))
#2 /var/www/html/itnews/bootstrap/compiled.php(4670): Illuminate\Routing\Router->dispatchToRoute(Object(Illuminate\Http\Request))
#3 /var/www/html/itnews/bootstrap/compiled.php(706): Illuminate\Routing\Router->dispatch(Object(Illuminate\Http\Request))
#4 /var/www/html/itnews/bootstrap/compiled.php(687): Illuminate\Foundation\Application->dispatch(Object(Illuminate\Http\Request))
#5 /var/www/html/itnews/bootstrap/compiled.php(1146): Illuminate\Foundation\Application->handle(Object(Illuminate\Http\Request), 1, true)
#6 /var/www/html/itnews/bootstrap/compiled.php(7311): Illuminate\Http\FrameGuard->handle(Object(Illuminate\Http\Request), 1, true)
#7 /var/www/html/itnews/bootstrap/compiled.php(7908): Illuminate\Session\Middleware->handle(Object(Illuminate\Http\Request), 1, true)
#8 /var/www/html/itnews/bootstrap/compiled.php(7855): Illuminate\Cookie\Queue->handle(Object(Illuminate\Http\Request), 1, true)
#9 /var/www/html/itnews/bootstrap/compiled.php(10897): Illuminate\Cookie\Guard->handle(Object(Illuminate\Http\Request), 1, true)
#10 /var/www/html/itnews/bootstrap/compiled.php(648): Stack\StackedHttpKernel->handle(Object(Illuminate\Http\Request))
#11 /var/www/html/itnews/public/index.php(49): Illuminate\Foundation\Application->run()
#12 {main} [] []
[2014-12-17 11:51:47] production.ERROR: exception 'Symfony\Component\HttpKernel\Exception\NotFoundHttpException' in /var/www/html/itnews/bootstrap/compiled.php:5340
Stack trace:
#0 /var/www/html/itnews/bootstrap/compiled.php(4690): Illuminate\Routing\RouteCollection->match(Object(Illuminate\Http\Request))
#1 /var/www/html/itnews/bootstrap/compiled.php(4678): Illuminate\Routing\Router->findRoute(Object(Illuminate\Http\Request))
#2 /var/www/html/itnews/bootstrap/compiled.php(4670): Illuminate\Routing\Router->dispatchToRoute(Object(Illuminate\Http\Request))
#3 /var/www/html/itnews/bootstrap/compiled.php(706): Illuminate\Routing\Router->dispatch(Object(Illuminate\Http\Request))
#4 /var/www/html/itnews/bootstrap/compiled.php(687): Illuminate\Foundation\Application->dispatch(Object(Illuminate\Http\Request))
#5 /var/www/html/itnews/bootstrap/compiled.php(1146): Illuminate\Foundation\Application->handle(Object(Illuminate\Http\Request), 1, true)
#6 /var/www/html/itnews/bootstrap/compiled.php(7311): Illuminate\Http\FrameGuard->handle(Object(Illuminate\Http\Request), 1, true)
#7 /var/www/html/itnews/bootstrap/compiled.php(7908): Illuminate\Session\Middleware->handle(Object(Illuminate\Http\Request), 1, true)
#8 /var/www/html/itnews/bootstrap/compiled.php(7855): Illuminate\Cookie\Queue->handle(Object(Illuminate\Http\Request), 1, true)
#9 /var/www/html/itnews/bootstrap/compiled.php(10897): Illuminate\Cookie\Guard->handle(Object(Illuminate\Http\Request), 1, true)
#10 /var/www/html/itnews/bootstrap/compiled.php(648): Stack\StackedHttpKernel->handle(Object(Illuminate\Http\Request))
#11 /var/www/html/itnews/public/index.php(49): Illuminate\Foundation\Application->run()
#12 {main} [] []
[2014-12-17 11:51:47] production.ERROR: exception 'Symfony\Component\HttpKernel\Exception\NotFoundHttpException' in /var/www/html/itnews/bootstrap/compiled.php:5340
Stack trace:
#0 /var/www/html/itnews/bootstrap/compiled.php(4690): Illuminate\Routing\RouteCollection->match(Object(Illuminate\Http\Request))
#1 /var/www/html/itnews/bootstrap/compiled.php(4678): Illuminate\Routing\Router->findRoute(Object(Illuminate\Http\Request))
#2 /var/www/html/itnews/bootstrap/compiled.php(4670): Illuminate\Routing\Router->dispatchToRoute(Object(Illuminate\Http\Request))
#3 /var/www/html/itnews/bootstrap/compiled.php(706): Illuminate\Routing\Router->dispatch(Object(Illuminate\Http\Request))
#4 /var/www/html/itnews/bootstrap/compiled.php(687): Illuminate\Foundation\Application->dispatch(Object(Illuminate\Http\Request))
#5 /var/www/html/itnews/bootstrap/compiled.php(1146): Illuminate\Foundation\Application->handle(Object(Illuminate\Http\Request), 1, true)
#6 /var/www/html/itnews/bootstrap/compiled.php(7311): Illuminate\Http\FrameGuard->handle(Object(Illuminate\Http\Request), 1, true)
#7 /var/www/html/itnews/bootstrap/compiled.php(7908): Illuminate\Session\Middleware->handle(Object(Illuminate\Http\Request), 1, true)
#8 /var/www/html/itnews/bootstrap/compiled.php(7855): Illuminate\Cookie\Queue->handle(Object(Illuminate\Http\Request), 1, true)
#9 /var/www/html/itnews/bootstrap/compiled.php(10897): Illuminate\Cookie\Guard->handle(Object(Illuminate\Http\Request), 1, true)
#10 /var/www/html/itnews/bootstrap/compiled.php(648): Stack\StackedHttpKernel->handle(Object(Illuminate\Http\Request))
#11 /var/www/html/itnews/public/index.php(49): Illuminate\Foundation\Application->run()
#12 {main} [] []
[2014-12-17 11:53:34] production.ERROR: exception 'Symfony\Component\HttpKernel\Exception\NotFoundHttpException' in /var/www/html/itnews/bootstrap/compiled.php:5340
Stack trace:
#0 /var/www/html/itnews/bootstrap/compiled.php(4690): Illuminate\Routing\RouteCollection->match(Object(Illuminate\Http\Request))
#1 /var/www/html/itnews/bootstrap/compiled.php(4678): Illuminate\Routing\Router->findRoute(Object(Illuminate\Http\Request))
#2 /var/www/html/itnews/bootstrap/compiled.php(4670): Illuminate\Routing\Router->dispatchToRoute(Object(Illuminate\Http\Request))
#3 /var/www/html/itnews/bootstrap/compiled.php(706): Illuminate\Routing\Router->dispatch(Object(Illuminate\Http\Request))
#4 /var/www/html/itnews/bootstrap/compiled.php(687): Illuminate\Foundation\Application->dispatch(Object(Illuminate\Http\Request))
#5 /var/www/html/itnews/bootstrap/compiled.php(1146): Illuminate\Foundation\Application->handle(Object(Illuminate\Http\Request), 1, true)
#6 /var/www/html/itnews/bootstrap/compiled.php(7311): Illuminate\Http\FrameGuard->handle(Object(Illuminate\Http\Request), 1, true)
#7 /var/www/html/itnews/bootstrap/compiled.php(7908): Illuminate\Session\Middleware->handle(Object(Illuminate\Http\Request), 1, true)
#8 /var/www/html/itnews/bootstrap/compiled.php(7855): Illuminate\Cookie\Queue->handle(Object(Illuminate\Http\Request), 1, true)
#9 /var/www/html/itnews/bootstrap/compiled.php(10897): Illuminate\Cookie\Guard->handle(Object(Illuminate\Http\Request), 1, true)
#10 /var/www/html/itnews/bootstrap/compiled.php(648): Stack\StackedHttpKernel->handle(Object(Illuminate\Http\Request))
#11 /var/www/html/itnews/public/index.php(49): Illuminate\Foundation\Application->run()
#12 {main} [] []
[2014-12-17 11:53:34] production.ERROR: exception 'Symfony\Component\HttpKernel\Exception\NotFoundHttpException' in /var/www/html/itnews/bootstrap/compiled.php:5340
Stack trace:
#0 /var/www/html/itnews/bootstrap/compiled.php(4690): Illuminate\Routing\RouteCollection->match(Object(Illuminate\Http\Request))
#1 /var/www/html/itnews/bootstrap/compiled.php(4678): Illuminate\Routing\Router->findRoute(Object(Illuminate\Http\Request))
#2 /var/www/html/itnews/bootstrap/compiled.php(4670): Illuminate\Routing\Router->dispatchToRoute(Object(Illuminate\Http\Request))
#3 /var/www/html/itnews/bootstrap/compiled.php(706): Illuminate\Routing\Router->dispatch(Object(Illuminate\Http\Request))
#4 /var/www/html/itnews/bootstrap/compiled.php(687): Illuminate\Foundation\Application->dispatch(Object(Illuminate\Http\Request))
#5 /var/www/html/itnews/bootstrap/compiled.php(1146): Illuminate\Foundation\Application->handle(Object(Illuminate\Http\Request), 1, true)
#6 /var/www/html/itnews/bootstrap/compiled.php(7311): Illuminate\Http\FrameGuard->handle(Object(Illuminate\Http\Request), 1, true)
#7 /var/www/html/itnews/bootstrap/compiled.php(7908): Illuminate\Session\Middleware->handle(Object(Illuminate\Http\Request), 1, true)
#8 /var/www/html/itnews/bootstrap/compiled.php(7855): Illuminate\Cookie\Queue->handle(Object(Illuminate\Http\Request), 1, true)
#9 /var/www/html/itnews/bootstrap/compiled.php(10897): Illuminate\Cookie\Guard->handle(Object(Illuminate\Http\Request), 1, true)
#10 /var/www/html/itnews/bootstrap/compiled.php(648): Stack\StackedHttpKernel->handle(Object(Illuminate\Http\Request))
#11 /var/www/html/itnews/public/index.php(49): Illuminate\Foundation\Application->run()
#12 {main} [] []
[2014-12-17 11:55:21] production.ERROR: exception 'Symfony\Component\HttpKernel\Exception\NotFoundHttpException' in /var/www/html/itnews/bootstrap/compiled.php:5340
Stack trace:
#0 /var/www/html/itnews/bootstrap/compiled.php(4690): Illuminate\Routing\RouteCollection->match(Object(Illuminate\Http\Request))
#1 /var/www/html/itnews/bootstrap/compiled.php(4678): Illuminate\Routing\Router->findRoute(Object(Illuminate\Http\Request))
#2 /var/www/html/itnews/bootstrap/compiled.php(4670): Illuminate\Routing\Router->dispatchToRoute(Object(Illuminate\Http\Request))
#3 /var/www/html/itnews/bootstrap/compiled.php(706): Illuminate\Routing\Router->dispatch(Object(Illuminate\Http\Request))
#4 /var/www/html/itnews/bootstrap/compiled.php(687): Illuminate\Foundation\Application->dispatch(Object(Illuminate\Http\Request))
#5 /var/www/html/itnews/bootstrap/compiled.php(1146): Illuminate\Foundation\Application->handle(Object(Illuminate\Http\Request), 1, true)
#6 /var/www/html/itnews/bootstrap/compiled.php(7311): Illuminate\Http\FrameGuard->handle(Object(Illuminate\Http\Request), 1, true)
#7 /var/www/html/itnews/bootstrap/compiled.php(7908): Illuminate\Session\Middleware->handle(Object(Illuminate\Http\Request), 1, true)
#8 /var/www/html/itnews/bootstrap/compiled.php(7855): Illuminate\Cookie\Queue->handle(Object(Illuminate\Http\Request), 1, true)
#9 /var/www/html/itnews/bootstrap/compiled.php(10897): Illuminate\Cookie\Guard->handle(Object(Illuminate\Http\Request), 1, true)
#10 /var/www/html/itnews/bootstrap/compiled.php(648): Stack\StackedHttpKernel->handle(Object(Illuminate\Http\Request))
#11 /var/www/html/itnews/public/index.php(49): Illuminate\Foundation\Application->run()
#12 {main} [] []
[2014-12-17 11:55:21] production.ERROR: exception 'Symfony\Component\HttpKernel\Exception\NotFoundHttpException' in /var/www/html/itnews/bootstrap/compiled.php:5340
Stack trace:
#0 /var/www/html/itnews/bootstrap/compiled.php(4690): Illuminate\Routing\RouteCollection->match(Object(Illuminate\Http\Request))
#1 /var/www/html/itnews/bootstrap/compiled.php(4678): Illuminate\Routing\Router->findRoute(Object(Illuminate\Http\Request))
#2 /var/www/html/itnews/bootstrap/compiled.php(4670): Illuminate\Routing\Router->dispatchToRoute(Object(Illuminate\Http\Request))
#3 /var/www/html/itnews/bootstrap/compiled.php(706): Illuminate\Routing\Router->dispatch(Object(Illuminate\Http\Request))
#4 /var/www/html/itnews/bootstrap/compiled.php(687): Illuminate\Foundation\Application->dispatch(Object(Illuminate\Http\Request))
#5 /var/www/html/itnews/bootstrap/compiled.php(1146): Illuminate\Foundation\Application->handle(Object(Illuminate\Http\Request), 1, true)
#6 /var/www/html/itnews/bootstrap/compiled.php(7311): Illuminate\Http\FrameGuard->handle(Object(Illuminate\Http\Request), 1, true)
#7 /var/www/html/itnews/bootstrap/compiled.php(7908): Illuminate\Session\Middleware->handle(Object(Illuminate\Http\Request), 1, true)
#8 /var/www/html/itnews/bootstrap/compiled.php(7855): Illuminate\Cookie\Queue->handle(Object(Illuminate\Http\Request), 1, true)
#9 /var/www/html/itnews/bootstrap/compiled.php(10897): Illuminate\Cookie\Guard->handle(Object(Illuminate\Http\Request), 1, true)
#10 /var/www/html/itnews/bootstrap/compiled.php(648): Stack\StackedHttpKernel->handle(Object(Illuminate\Http\Request))
#11 /var/www/html/itnews/public/index.php(49): Illuminate\Foundation\Application->run()
#12 {main} [] []
[2014-12-17 11:55:21] production.ERROR: exception 'Symfony\Component\HttpKernel\Exception\NotFoundHttpException' in /var/www/html/itnews/bootstrap/compiled.php:5340
Stack trace:
#0 /var/www/html/itnews/bootstrap/compiled.php(4690): Illuminate\Routing\RouteCollection->match(Object(Illuminate\Http\Request))
#1 /var/www/html/itnews/bootstrap/compiled.php(4678): Illuminate\Routing\Router->findRoute(Object(Illuminate\Http\Request))
#2 /var/www/html/itnews/bootstrap/compiled.php(4670): Illuminate\Routing\Router->dispatchToRoute(Object(Illuminate\Http\Request))
#3 /var/www/html/itnews/bootstrap/compiled.php(706): Illuminate\Routing\Router->dispatch(Object(Illuminate\Http\Request))
#4 /var/www/html/itnews/bootstrap/compiled.php(687): Illuminate\Foundation\Application->dispatch(Object(Illuminate\Http\Request))
#5 /var/www/html/itnews/bootstrap/compiled.php(1146): Illuminate\Foundation\Application->handle(Object(Illuminate\Http\Request), 1, true)
#6 /var/www/html/itnews/bootstrap/compiled.php(7311): Illuminate\Http\FrameGuard->handle(Object(Illuminate\Http\Request), 1, true)
#7 /var/www/html/itnews/bootstrap/compiled.php(7908): Illuminate\Session\Middleware->handle(Object(Illuminate\Http\Request), 1, true)
#8 /var/www/html/itnews/bootstrap/compiled.php(7855): Illuminate\Cookie\Queue->handle(Object(Illuminate\Http\Request), 1, true)
#9 /var/www/html/itnews/bootstrap/compiled.php(10897): Illuminate\Cookie\Guard->handle(Object(Illuminate\Http\Request), 1, true)
#10 /var/www/html/itnews/bootstrap/compiled.php(648): Stack\StackedHttpKernel->handle(Object(Illuminate\Http\Request))
#11 /var/www/html/itnews/public/index.php(49): Illuminate\Foundation\Application->run()
#12 {main} [] []
[2014-12-17 11:55:22] production.ERROR: exception 'Symfony\Component\HttpKernel\Exception\NotFoundHttpException' in /var/www/html/itnews/bootstrap/compiled.php:5340
Stack trace:
#0 /var/www/html/itnews/bootstrap/compiled.php(4690): Illuminate\Routing\RouteCollection->match(Object(Illuminate\Http\Request))
#1 /var/www/html/itnews/bootstrap/compiled.php(4678): Illuminate\Routing\Router->findRoute(Object(Illuminate\Http\Request))
#2 /var/www/html/itnews/bootstrap/compiled.php(4670): Illuminate\Routing\Router->dispatchToRoute(Object(Illuminate\Http\Request))
#3 /var/www/html/itnews/bootstrap/compiled.php(706): Illuminate\Routing\Router->dispatch(Object(Illuminate\Http\Request))
#4 /var/www/html/itnews/bootstrap/compiled.php(687): Illuminate\Foundation\Application->dispatch(Object(Illuminate\Http\Request))
#5 /var/www/html/itnews/bootstrap/compiled.php(1146): Illuminate\Foundation\Application->handle(Object(Illuminate\Http\Request), 1, true)
#6 /var/www/html/itnews/bootstrap/compiled.php(7311): Illuminate\Http\FrameGuard->handle(Object(Illuminate\Http\Request), 1, true)
#7 /var/www/html/itnews/bootstrap/compiled.php(7908): Illuminate\Session\Middleware->handle(Object(Illuminate\Http\Request), 1, true)
#8 /var/www/html/itnews/bootstrap/compiled.php(7855): Illuminate\Cookie\Queue->handle(Object(Illuminate\Http\Request), 1, true)
#9 /var/www/html/itnews/bootstrap/compiled.php(10897): Illuminate\Cookie\Guard->handle(Object(Illuminate\Http\Request), 1, true)
#10 /var/www/html/itnews/bootstrap/compiled.php(648): Stack\StackedHttpKernel->handle(Object(Illuminate\Http\Request))
#11 /var/www/html/itnews/public/index.php(49): Illuminate\Foundation\Application->run()
#12 {main} [] []
[2014-12-17 11:55:22] production.ERROR: exception 'Symfony\Component\HttpKernel\Exception\NotFoundHttpException' in /var/www/html/itnews/bootstrap/compiled.php:5340
Stack trace:
#0 /var/www/html/itnews/bootstrap/compiled.php(4690): Illuminate\Routing\RouteCollection->match(Object(Illuminate\Http\Request))
#1 /var/www/html/itnews/bootstrap/compiled.php(4678): Illuminate\Routing\Router->findRoute(Object(Illuminate\Http\Request))
#2 /var/www/html/itnews/bootstrap/compiled.php(4670): Illuminate\Routing\Router->dispatchToRoute(Object(Illuminate\Http\Request))
#3 /var/www/html/itnews/bootstrap/compiled.php(706): Illuminate\Routing\Router->dispatch(Object(Illuminate\Http\Request))
#4 /var/www/html/itnews/bootstrap/compiled.php(687): Illuminate\Foundation\Application->dispatch(Object(Illuminate\Http\Request))
#5 /var/www/html/itnews/bootstrap/compiled.php(1146): Illuminate\Foundation\Application->handle(Object(Illuminate\Http\Request), 1, true)
#6 /var/www/html/itnews/bootstrap/compiled.php(7311): Illuminate\Http\FrameGuard->handle(Object(Illuminate\Http\Request), 1, true)
#7 /var/www/html/itnews/bootstrap/compiled.php(7908): Illuminate\Session\Middleware->handle(Object(Illuminate\Http\Request), 1, true)
#8 /var/www/html/itnews/bootstrap/compiled.php(7855): Illuminate\Cookie\Queue->handle(Object(Illuminate\Http\Request), 1, true)
#9 /var/www/html/itnews/bootstrap/compiled.php(10897): Illuminate\Cookie\Guard->handle(Object(Illuminate\Http\Request), 1, true)
#10 /var/www/html/itnews/bootstrap/compiled.php(648): Stack\StackedHttpKernel->handle(Object(Illuminate\Http\Request))
#11 /var/www/html/itnews/public/index.php(49): Illuminate\Foundation\Application->run()
#12 {main} [] []
[2014-12-17 11:56:06] production.ERROR: exception 'Symfony\Component\HttpKernel\Exception\NotFoundHttpException' in /var/www/html/itnews/bootstrap/compiled.php:5340
Stack trace:
#0 /var/www/html/itnews/bootstrap/compiled.php(4690): Illuminate\Routing\RouteCollection->match(Object(Illuminate\Http\Request))
#1 /var/www/html/itnews/bootstrap/compiled.php(4678): Illuminate\Routing\Router->findRoute(Object(Illuminate\Http\Request))
#2 /var/www/html/itnews/bootstrap/compiled.php(4670): Illuminate\Routing\Router->dispatchToRoute(Object(Illuminate\Http\Request))
#3 /var/www/html/itnews/bootstrap/compiled.php(706): Illuminate\Routing\Router->dispatch(Object(Illuminate\Http\Request))
#4 /var/www/html/itnews/bootstrap/compiled.php(687): Illuminate\Foundation\Application->dispatch(Object(Illuminate\Http\Request))
#5 /var/www/html/itnews/bootstrap/compiled.php(1146): Illuminate\Foundation\Application->handle(Object(Illuminate\Http\Request), 1, true)
#6 /var/www/html/itnews/bootstrap/compiled.php(7311): Illuminate\Http\FrameGuard->handle(Object(Illuminate\Http\Request), 1, true)
#7 /var/www/html/itnews/bootstrap/compiled.php(7908): Illuminate\Session\Middleware->handle(Object(Illuminate\Http\Request), 1, true)
#8 /var/www/html/itnews/bootstrap/compiled.php(7855): Illuminate\Cookie\Queue->handle(Object(Illuminate\Http\Request), 1, true)
#9 /var/www/html/itnews/bootstrap/compiled.php(10897): Illuminate\Cookie\Guard->handle(Object(Illuminate\Http\Request), 1, true)
#10 /var/www/html/itnews/bootstrap/compiled.php(648): Stack\StackedHttpKernel->handle(Object(Illuminate\Http\Request))
#11 /var/www/html/itnews/public/index.php(49): Illuminate\Foundation\Application->run()
#12 {main} [] []
[2014-12-17 11:56:06] production.ERROR: exception 'Symfony\Component\HttpKernel\Exception\NotFoundHttpException' in /var/www/html/itnews/bootstrap/compiled.php:5340
Stack trace:
#0 /var/www/html/itnews/bootstrap/compiled.php(4690): Illuminate\Routing\RouteCollection->match(Object(Illuminate\Http\Request))
#1 /var/www/html/itnews/bootstrap/compiled.php(4678): Illuminate\Routing\Router->findRoute(Object(Illuminate\Http\Request))
#2 /var/www/html/itnews/bootstrap/compiled.php(4670): Illuminate\Routing\Router->dispatchToRoute(Object(Illuminate\Http\Request))
#3 /var/www/html/itnews/bootstrap/compiled.php(706): Illuminate\Routing\Router->dispatch(Object(Illuminate\Http\Request))
#4 /var/www/html/itnews/bootstrap/compiled.php(687): Illuminate\Foundation\Application->dispatch(Object(Illuminate\Http\Request))
#5 /var/www/html/itnews/bootstrap/compiled.php(1146): Illuminate\Foundation\Application->handle(Object(Illuminate\Http\Request), 1, true)
#6 /var/www/html/itnews/bootstrap/compiled.php(7311): Illuminate\Http\FrameGuard->handle(Object(Illuminate\Http\Request), 1, true)
#7 /var/www/html/itnews/bootstrap/compiled.php(7908): Illuminate\Session\Middleware->handle(Object(Illuminate\Http\Request), 1, true)
#8 /var/www/html/itnews/bootstrap/compiled.php(7855): Illuminate\Cookie\Queue->handle(Object(Illuminate\Http\Request), 1, true)
#9 /var/www/html/itnews/bootstrap/compiled.php(10897): Illuminate\Cookie\Guard->handle(Object(Illuminate\Http\Request), 1, true)
#10 /var/www/html/itnews/bootstrap/compiled.php(648): Stack\StackedHttpKernel->handle(Object(Illuminate\Http\Request))
#11 /var/www/html/itnews/public/index.php(49): Illuminate\Foundation\Application->run()
#12 {main} [] []
[2014-12-17 12:10:36] production.ERROR: exception 'Symfony\Component\HttpKernel\Exception\NotFoundHttpException' in /var/www/html/itnews/bootstrap/compiled.php:5340
Stack trace:
#0 /var/www/html/itnews/bootstrap/compiled.php(4690): Illuminate\Routing\RouteCollection->match(Object(Illuminate\Http\Request))
#1 /var/www/html/itnews/bootstrap/compiled.php(4678): Illuminate\Routing\Router->findRoute(Object(Illuminate\Http\Request))
#2 /var/www/html/itnews/bootstrap/compiled.php(4670): Illuminate\Routing\Router->dispatchToRoute(Object(Illuminate\Http\Request))
#3 /var/www/html/itnews/bootstrap/compiled.php(706): Illuminate\Routing\Router->dispatch(Object(Illuminate\Http\Request))
#4 /var/www/html/itnews/bootstrap/compiled.php(687): Illuminate\Foundation\Application->dispatch(Object(Illuminate\Http\Request))
#5 /var/www/html/itnews/bootstrap/compiled.php(1146): Illuminate\Foundation\Application->handle(Object(Illuminate\Http\Request), 1, true)
#6 /var/www/html/itnews/bootstrap/compiled.php(7311): Illuminate\Http\FrameGuard->handle(Object(Illuminate\Http\Request), 1, true)
#7 /var/www/html/itnews/bootstrap/compiled.php(7908): Illuminate\Session\Middleware->handle(Object(Illuminate\Http\Request), 1, true)
#8 /var/www/html/itnews/bootstrap/compiled.php(7855): Illuminate\Cookie\Queue->handle(Object(Illuminate\Http\Request), 1, true)
#9 /var/www/html/itnews/bootstrap/compiled.php(10897): Illuminate\Cookie\Guard->handle(Object(Illuminate\Http\Request), 1, true)
#10 /var/www/html/itnews/bootstrap/compiled.php(648): Stack\StackedHttpKernel->handle(Object(Illuminate\Http\Request))
#11 /var/www/html/itnews/public/index.php(49): Illuminate\Foundation\Application->run()
#12 {main} [] []
[2014-12-17 12:10:36] production.ERROR: exception 'Symfony\Component\HttpKernel\Exception\NotFoundHttpException' in /var/www/html/itnews/bootstrap/compiled.php:5340
Stack trace:
#0 /var/www/html/itnews/bootstrap/compiled.php(4690): Illuminate\Routing\RouteCollection->match(Object(Illuminate\Http\Request))
#1 /var/www/html/itnews/bootstrap/compiled.php(4678): Illuminate\Routing\Router->findRoute(Object(Illuminate\Http\Request))
#2 /var/www/html/itnews/bootstrap/compiled.php(4670): Illuminate\Routing\Router->dispatchToRoute(Object(Illuminate\Http\Request))
#3 /var/www/html/itnews/bootstrap/compiled.php(706): Illuminate\Routing\Router->dispatch(Object(Illuminate\Http\Request))
#4 /var/www/html/itnews/bootstrap/compiled.php(687): Illuminate\Foundation\Application->dispatch(Object(Illuminate\Http\Request))
#5 /var/www/html/itnews/bootstrap/compiled.php(1146): Illuminate\Foundation\Application->handle(Object(Illuminate\Http\Request), 1, true)
#6 /var/www/html/itnews/bootstrap/compiled.php(7311): Illuminate\Http\FrameGuard->handle(Object(Illuminate\Http\Request), 1, true)
#7 /var/www/html/itnews/bootstrap/compiled.php(7908): Illuminate\Session\Middleware->handle(Object(Illuminate\Http\Request), 1, true)
#8 /var/www/html/itnews/bootstrap/compiled.php(7855): Illuminate\Cookie\Queue->handle(Object(Illuminate\Http\Request), 1, true)
#9 /var/www/html/itnews/bootstrap/compiled.php(10897): Illuminate\Cookie\Guard->handle(Object(Illuminate\Http\Request), 1, true)
#10 /var/www/html/itnews/bootstrap/compiled.php(648): Stack\StackedHttpKernel->handle(Object(Illuminate\Http\Request))
#11 /var/www/html/itnews/public/index.php(49): Illuminate\Foundation\Application->run()
#12 {main} [] []
[2014-12-17 12:10:54] production.ERROR: exception 'Symfony\Component\HttpKernel\Exception\NotFoundHttpException' in /var/www/html/itnews/bootstrap/compiled.php:5340
Stack trace:
#0 /var/www/html/itnews/bootstrap/compiled.php(4690): Illuminate\Routing\RouteCollection->match(Object(Illuminate\Http\Request))
#1 /var/www/html/itnews/bootstrap/compiled.php(4678): Illuminate\Routing\Router->findRoute(Object(Illuminate\Http\Request))
#2 /var/www/html/itnews/bootstrap/compiled.php(4670): Illuminate\Routing\Router->dispatchToRoute(Object(Illuminate\Http\Request))
#3 /var/www/html/itnews/bootstrap/compiled.php(706): Illuminate\Routing\Router->dispatch(Object(Illuminate\Http\Request))
#4 /var/www/html/itnews/bootstrap/compiled.php(687): Illuminate\Foundation\Application->dispatch(Object(Illuminate\Http\Request))
#5 /var/www/html/itnews/bootstrap/compiled.php(1146): Illuminate\Foundation\Application->handle(Object(Illuminate\Http\Request), 1, true)
#6 /var/www/html/itnews/bootstrap/compiled.php(7311): Illuminate\Http\FrameGuard->handle(Object(Illuminate\Http\Request), 1, true)
#7 /var/www/html/itnews/bootstrap/compiled.php(7908): Illuminate\Session\Middleware->handle(Object(Illuminate\Http\Request), 1, true)
#8 /var/www/html/itnews/bootstrap/compiled.php(7855): Illuminate\Cookie\Queue->handle(Object(Illuminate\Http\Request), 1, true)
#9 /var/www/html/itnews/bootstrap/compiled.php(10897): Illuminate\Cookie\Guard->handle(Object(Illuminate\Http\Request), 1, true)
#10 /var/www/html/itnews/bootstrap/compiled.php(648): Stack\StackedHttpKernel->handle(Object(Illuminate\Http\Request))
#11 /var/www/html/itnews/public/index.php(49): Illuminate\Foundation\Application->run()
#12 {main} [] []
[2014-12-17 12:10:54] production.ERROR: exception 'Symfony\Component\HttpKernel\Exception\NotFoundHttpException' in /var/www/html/itnews/bootstrap/compiled.php:5340
Stack trace:
#0 /var/www/html/itnews/bootstrap/compiled.php(4690): Illuminate\Routing\RouteCollection->match(Object(Illuminate\Http\Request))
#1 /var/www/html/itnews/bootstrap/compiled.php(4678): Illuminate\Routing\Router->findRoute(Object(Illuminate\Http\Request))
#2 /var/www/html/itnews/bootstrap/compiled.php(4670): Illuminate\Routing\Router->dispatchToRoute(Object(Illuminate\Http\Request))
#3 /var/www/html/itnews/bootstrap/compiled.php(706): Illuminate\Routing\Router->dispatch(Object(Illuminate\Http\Request))
#4 /var/www/html/itnews/bootstrap/compiled.php(687): Illuminate\Foundation\Application->dispatch(Object(Illuminate\Http\Request))
#5 /var/www/html/itnews/bootstrap/compiled.php(1146): Illuminate\Foundation\Application->handle(Object(Illuminate\Http\Request), 1, true)
#6 /var/www/html/itnews/bootstrap/compiled.php(7311): Illuminate\Http\FrameGuard->handle(Object(Illuminate\Http\Request), 1, true)
#7 /var/www/html/itnews/bootstrap/compiled.php(7908): Illuminate\Session\Middleware->handle(Object(Illuminate\Http\Request), 1, true)
#8 /var/www/html/itnews/bootstrap/compiled.php(7855): Illuminate\Cookie\Queue->handle(Object(Illuminate\Http\Request), 1, true)
#9 /var/www/html/itnews/bootstrap/compiled.php(10897): Illuminate\Cookie\Guard->handle(Object(Illuminate\Http\Request), 1, true)
#10 /var/www/html/itnews/bootstrap/compiled.php(648): Stack\StackedHttpKernel->handle(Object(Illuminate\Http\Request))
#11 /var/www/html/itnews/public/index.php(49): Illuminate\Foundation\Application->run()
#12 {main} [] []
[2014-12-17 12:42:19] production.ERROR: exception 'Symfony\Component\HttpKernel\Exception\NotFoundHttpException' in /var/www/html/itnews/bootstrap/compiled.php:5340
Stack trace:
#0 /var/www/html/itnews/bootstrap/compiled.php(4690): Illuminate\Routing\RouteCollection->match(Object(Illuminate\Http\Request))
#1 /var/www/html/itnews/bootstrap/compiled.php(4678): Illuminate\Routing\Router->findRoute(Object(Illuminate\Http\Request))
#2 /var/www/html/itnews/bootstrap/compiled.php(4670): Illuminate\Routing\Router->dispatchToRoute(Object(Illuminate\Http\Request))
#3 /var/www/html/itnews/bootstrap/compiled.php(706): Illuminate\Routing\Router->dispatch(Object(Illuminate\Http\Request))
#4 /var/www/html/itnews/bootstrap/compiled.php(687): Illuminate\Foundation\Application->dispatch(Object(Illuminate\Http\Request))
#5 /var/www/html/itnews/bootstrap/compiled.php(1146): Illuminate\Foundation\Application->handle(Object(Illuminate\Http\Request), 1, true)
#6 /var/www/html/itnews/bootstrap/compiled.php(7311): Illuminate\Http\FrameGuard->handle(Object(Illuminate\Http\Request), 1, true)
#7 /var/www/html/itnews/bootstrap/compiled.php(7908): Illuminate\Session\Middleware->handle(Object(Illuminate\Http\Request), 1, true)
#8 /var/www/html/itnews/bootstrap/compiled.php(7855): Illuminate\Cookie\Queue->handle(Object(Illuminate\Http\Request), 1, true)
#9 /var/www/html/itnews/bootstrap/compiled.php(10897): Illuminate\Cookie\Guard->handle(Object(Illuminate\Http\Request), 1, true)
#10 /var/www/html/itnews/bootstrap/compiled.php(648): Stack\StackedHttpKernel->handle(Object(Illuminate\Http\Request))
#11 /var/www/html/itnews/public/index.php(49): Illuminate\Foundation\Application->run()
#12 {main} [] []
